0
1
2
1
1
0
1
0
1
2
0
1
1
1
1
1
2
2
2
3
3
3
0
1
0
2
2
0
2
2
1
1
1
1
1
1
1
1
1
1
1
1
0
0
1
1
1
8
8
8
8
8
7
8
8
8
8
7
8
8
8
8
7
8
8
8
8
7
1
1
1
1
1
1
1
1
2
2
2
2
2
2
2
0
1
2
1
4
10
50
17
7
6
5
4
1
0
0
1
1
2
2
4
4
4
3
5
5
6
5
5
1
1
28
6
27
12
19
24
25
24
24
0
13
6
31
13
11
20
16
17
1
30
17
20
17
13
14
22
21
13
31
11
24
15
11
2
5
28
33
9
13
10
33
13
25
11
24
30
30
3
6
28
20
19
29
33
15
35
33
28
24
17
12
40
7
24
2
9
26
7
16
24
32
20
21
27
27
22
23
2
24
11
12
10
9
14
12
1
14
24
31
31
17
23
36
17
31
3
24
21
2
12
34
29
14
5
9
27
25
0
29
17
28
11
30
26
25
20
8
18
24
13
22
20
19
0
25
30
13
25
1
19
2
11
27
8
30
13
22
5
29
32
9
10
16
20
10
22
21
9
27
30
33
16
17
9
21
16
18
22
24
19
22
19
10
4
32
17
6
1
25
27
10
23
25
33
14
27
9
23
15
25
32
32
25
18
19
21
20
12
16
4
32
15
12
3
12
17
25
35
26
17
19
2
28
21
25
29
22
27
25
16
28
19
9
27
23
19
32
12
18
34
3
27
24
27
5
12
6
23
26
28
16
28
15
23
36
25
25
33
34
20
16
3
19
24
15
34
22
16
16
15
20
12
20
3
38
10
22
10
11
9
17
7
37
32
32
2
12
18
26
8
27
17
26
26
7
4
19
0
33
10
10
25
26
12
29
11
23
26
10
15
17
22
15
29
22
8
6
18
15
22
4
16
1
2
1
16
23
3
18
30
18
29
16
5
20
26
24
7
15
24
26
19
23
33
10
36
27
14
16
1
2
22
23
29
11
24
25
26
37
2
31
32
17
24
17
30
33
30
33
7
28
20
13
0
20
11
4
25
16
24
13
13
6
28
34
4
23
28
15
19
17
9
8
25
17
15
11
24
25
12
28
17
26
28
26
4
12
12
4
30
24
18
22
13
13
25
13
29
8
19
31
9
19
32
3
27
15
36
25
9
14
5
1
18
12
12
15
13
28
21
15
21
30
11
16
18
35
19
12
2
21
20
10
6
4
30
17
15
14
0
21
2
14
23
21
27
20
27
5
32
10
10
30
35
31
0
25
20
25
8
29
14
24
37
19
29
25
12
19
10
14
7
23
25
23
15
6
9
36
10
10
15
14
20
30
27
7
7
6
31
6
29
30
3
7
20
15
18
21
18
