1
6
9
5
3
3
2
2
1
1
1
1
1
164
4989
386
1481
1701
1236
4991
3052
2897
1042
368
174
202
421
4705
435
1405
1900
392
1383
464
519
8962
1684
1152
3175
3395
418
1227
7695
3688
7700
196
953
944
5481
725
3422
4824
2026
6319
58
184
5874
1551
1803
2219
7763
2148
8910
2573
44
2871
451
637
1134
2576
1175
1227
4116
1919
2989
385
227
339
576
1434
9798
2261
7998
1375
3989
2895
2097
829
778
4996
2915
8549
176
2446
6839
204
1319
1184
2555
3112
2286
1141
452
1289
1054
6504
1262
9320
1688
6787
5136
1070
5731
1955
5791
1183
1108
7570
1685
98
1259
868
217
2190
1680
1042
63
100
2168
2097
2661
2701
2362
2071
189
1440
1964
676
499
1691
5564
2740
2540
3369
4404
442
307
1340
1799
2269
3179
237
1765
1891
6341
336
3702
386
196
5673
6041
156
448
140
1356
1318
4506
259
2980
1801
6924
3671
2806
422
2934
2803
1532
2382
3224
730
4179
3370
1043
489
7306
3967
1795
2450
84
2779
295
7182
632
4247
5252
871
4427
407
4507
837
6318
1317
130
4668
2192
408
4856
180
346
470
201
567
830
61
319
1437
576
479
1446
840
270
484
12
287
1356
373
916
864
1296
1327
1073
708
1051
85
235
232
822
1489
1547
1100
1087
1267
1359
24
434
1099
953
2333
862
1424
724
377
244
1535
31
33
962
708
98
1343
305
905
1017
966
1650
736
1312
40
857
877
177
565
932
1014
2114
24
61
358
393
207
932
1680
811
1565
397
815
113
673
664
349
716
615
219
187
1133
110
311
789
333
2103
214
9
111
155
46
17
35
26
36
10
94
219
136
16
116
56
174
215
26
292
224
79
67
197
32
125
16
28
147
208
73
21
83
167
73
62
95
129
169
172
78
147
34
43
184
102
122
86
300
189
3
38
110
104
86
166
109
26
40
45
119
76
84
67
31
79
168
43
66
134
61
177
113
162
40
30
111
53
82
22
61
175
30
298
31
138
5
52
42
115
7
28
128
56
5850
2750
2435
1320
227
364
2333
1972
638
3207
88
2678
2353
606
1074
2472
2367
55
3252
3721
250
1555
480
1174
3252
1607
319
561
278
254
4775
620
2832
582
2387
165
4115
91
4022
932
1383
146
2162
370
1586
332
271
1878
1299
449
2787
2013
2250
4524
1724
1778
811
1510
3387
233
3112
4460
804
218
1493
1286
1481
4989
30
1337
4948
1124
3575
117
2366
507
208
1017
4342
853
413
1176
6397
4377
252
1095
121
1046
2343
240
624
801
4719
4906
216
3179
2360
1286
1494
4110
297
114
285
95
168
178
34
128
303
160
104
239
9
68
124
172
71
29
83
110
38
29
141
116
153
18
203
51
29
197
281
18
80
88
88
87
148
55
211
115
226
163
185
217
57
18
107
150
59
95
16
59
295
209
167
311
44
155
66
28
54
201
263
145
87
80
334
16
45
192
228
272
242
179
72
43
106
93
175
110
132
96
11
374
29
78
336
36
75
244
203
30
109
45
66
60
114
355
1331
367
202
375
1486
130
646
369
273
1368
588
271
486
318
415
99
281
39
1571
847
3291
271
109
3666
2905
3968
215
908
27
1668
3833
2399
8591
1603
719
2342
8127
551
564
7972
6150
758
534
2777
4653
3809
4824
2512
729
364
7336
463
3122
408
5898
4849
171
3977
1714
2690
1178
602
94
48
544
1848
1840
2489
131
2446
1018
1037
1548
2337
2913
1547
1549
3968
473
5371
1556
2056
2216
2198
825
1453
3402
819
4271
241
34
1261
2976
23
7666
432
896
7826
3195
1666
2004
1055
4967
463
3967
978
7601
324
2563
2780
3145
1250
9216
1686
3242
3219
5687
1094
219
216
186
63
155
138
174
219
219
32
115
219
32
196
211
91
219
63
138
182
219
216
208
205
28
20
32
193
138
193
32
216
79
202
151
219
193
193
63
205
219
174
93
138
219
193
219
193
155
63
205
83
196
219
120
202
190
174
190
174
87
93
219
186
219
10
219
219
61
155
219
202
138
88
216
193
155
208
202
138
219
161
158
208
219
173
219
219
202
120
219
193
182
27
264
182
46
523
383
521
55
1079
246
26
143
164
295
105
675
384
852
244
303
176
573
318
917
915
970
342
676
647
290
1371
171
947
38
113
1123
276
49
40
118
257
102
667
799
652
37
482
403
671
157
411
288
71
19
699
278
17
46
437
305
283
630
1353
172
974
281
154
72
642
32
431
713
77
367
450
36
981
54
152
558
26
65
263
45
790
726
829
36
496
83
76
9
370
362
353
65
118
1290
459
275
51
11
18
90
15
24
53
90
78
67
43
40
26
53
67
53
90
26
90
8
11
18
90
90
67
90
71
84
4
45
90
24
90
28
28
71
51
4
51
90
61
15
90
34
51
83
90
15
67
24
64
90
11
70
18
61
4
11
31
4
90
18
34
49
66
90
90
53
31
90
66
74
51
70
90
90
49
90
28
74
40
49
90
26
18
87
59
40
40
90
49
71
90
66
90
79
90
34
258
109
1522
317
1491
397
1762
591
1765
455
148
1162
389
1881
137
169
157
249
1355
694
599
28
1345
765
309
1528
167
466
523
173
1953
1221
1114
15
1498
529
639
63
170
886
1575
673
1030
796
1944
550
67
915
106
328
322
774
227
207
1224
11
473
77
1397
335
316
69
655
1264
200
190
12
71
431
216
306
1034
927
977
67
1268
443
1402
342
159
833
678
1119
113
406
75
206
453
57
1023
1707
525
246
461
83
1794
804
5756
1193
109
4661
4922
3372
1146
1944
181
3145
2098
1419
3187
2895
134
740
2785
3602
888
3199
4394
6704
750
100
878
280
4390
5387
1633
4506
2895
404
6022
1400
52
31
3357
2602
1245
2100
1197
54
725
1756
2436
678
415
392
5245
2103
2493
1911
522
4792
1447
1661
2866
4272
5710
1105
2750
694
1926
3330
3586
3258
4666
1900
1322
445
2148
1079
2826
6375
3086
777
2858
5897
308
324
1207
1033
2587
3847
352
1463
4646
4532
552
47
122
1013
266
117
33
44
136
54
19
147
65
45
106
112
25
229
148
80
36
105
130
91
264
334
86
93
24
172
71
203
123
47
146
98
255
47
178
178
68
109
183
221
50
208
60
117
15
172
334
51
276
138
20
74
193
191
26
102
14
35
114
25
51
83
174
39
138
133
208
249
65
334
328
109
81
123
32
322
56
110
115
186
17
139
144
56
126
36
296
69
19
279
7
244
453
322
4997
3128
454
1622
90
2308
3570
1814
246
2562
803
298
2509
3074
1125
3995
200
2186
3297
2443
5004
4316
2563
380
4182
2154
5064
693
3567
2070
1103
1511
1163
1914
459
5617
2908
2934
4059
364
2427
282
763
1355
386
39
640
1973
1601
2881
3439
112
3562
1409
1103
200
358
814
1241
7463
998
4799
1705
1878
320
2443
4649
2671
1178
2084
184
2014
3194
6112
1897
132
182
461
103
371
2374
1641
1339
1532
81
1288
1106
1116
3463
382
110
1346
26
4026
234
31
255
377
564
111
261
734
106
273
25
112
562
530
196
516
18
152
280
53
181
66
127
276
166
217
660
200
221
86
674
392
59
409
327
328
151
190
873
221
239
141
34
77
329
401
438
362
24
187
44
503
31
468
435
79
156
255
12
99
564
14
161
319
255
181
144
175
143
601
326
600
72
30
156
41
108
194
165
541
90
478
115
759
20
537
282
95
304
563
273
166
942
402
67
555
619
115
597
476
611
231
23
345
209
192
46
594
843
131
433
648
305
70
57
70
115
199
123
324
267
281
436
84
114
70
394
106
84
454
403
490
145
599
79
15
558
132
742
47
114
83
376
18
168
359
85
244
68
20
139
40
557
604
383
134
560
151
336
157
559
356
97
69
118
316
31
25
18
251
146
250
60
65
183
190
147
166
101
284
127
99
13
302
123
138
107
141
4
374
179
114
114
114
114
114
71
114
114
114
114
114
114
114
26
114
114
82
114
71
114
114
114
114
114
114
114
114
114
114
114
114
71
114
114
114
114
14
85
114
114
114
114
114
114
114
114
114
26
114
114
82
38
114
114
26
26
114
82
106
114
114
114
114
114
38
114
114
71
60
51
106
114
114
38
114
114
114
114
114
114
114
60
114
114
38
114
114
60
114
114
114
114
114
60
331
369
28
225
369
369
369
175
369
369
369
369
269
369
138
203
269
369
86
225
225
369
369
341
138
225
341
369
194
369
369
369
225
225
47
369
369
225
144
369
369
369
225
369
36
369
47
369
225
225
225
369
331
199
9
225
28
369
369
279
369
357
369
225
316
182
369
78
309
144
369
369
225
369
369
369
369
369
225
369
225
341
102
341
93
225
225
360
369
369
369
225
369
225
331
303
677
95
577
742
186
231
313
178
757
439
684
899
169
739
15
149
243
112
450
95
1232
506
237
347
337
331
700
119
194
357
391
371
22
581
452
43
53
184
4
95
649
487
72
125
564
377
652
740
417
283
395
83
468
353
694
250
145
56
398
71
228
812
398
329
433
1152
467
201
251
894
469
1076
219
403
515
71
97
237
258
148
652
631
10
119
388
124
188
76
54
408
1215
169
6
6
14
12
14
7
12
5
6
13
12
11
5
9
14
4
9
10
3
20
16
6
16
7
16
5
7
2
13
10
3
16
19
2
4
5
11
5
10
14
21
6
9
4
5
9
3
10
3
8
12
7
14
5
5
6
20
15
15
14
9
2
21
8
2
18
4
7
12
7
2
14
17
7
9
10
19
9
4
6
5
6
13
2
8
20
6
8
17
13
8
2
11
7
5795
7006
6124
6507
2558
401
7953
5039
3214
3371
2254
177
4377
111
3470
934
390
648
4462
6699
2415
52
4075
542
4561
1288
3939
603
404
4583
1195
276
2420
99
676
2650
882
99
1763
984
1959
628
2087
840
3247
950
294
2773
3996
7687
2579
2971
6062
1727
129
33
1324
1023
1615
3039
457
1281
1241
982
1928
4838
2443
271
3040
110
3238
900
4068
720
6888
1674
523
522
1628
6571
274
1945
5133
3277
3997
811
476
2547
1024
4184
1047
766
5179
4031
345
345
195
282
305
345
345
195
125
345
53
345
345
345
345
345
171
345
345
345
199
239
345
345
268
305
125
220
345
329
345
345
345
345
53
345
75
345
345
110
345
171
261
345
141
282
345
345
345
150
53
345
101
53
282
345
345
329
345
345
332
345
345
305
261
150
345
345
345
329
345
345
345
345
345
75
345
345
261
345
220
345
345
19
261
345
345
345
99
345
345
345
171
125
84
345
345
267
150
102
36
62
28
570
178
334
76
44
41
313
192
659
509
15
372
690
171
17
342
18
186
345
65
67
101
498
124
102
141
590
502
148
178
48
72
678
257
522
384
574
349
447
73
531
318
78
306
52
83
516
744
366
541
42
33
27
298
84
60
231
51
96
77
10
229
849
69
34
312
697
82
295
127
154
7
746
70
356
93
669
227
28
281
93
648
122
510
122
282
244
82
380
644
114
335
175
175
238
175
17
422
348
155
422
175
422
66
422
300
273
128
175
422
422
406
422
175
422
422
65
422
175
422
387
99
66
348
184
175
106
124
303
314
47
244
128
314
125
273
422
23
48
238
244
66
161
190
422
422
124
94
348
300
128
247
422
175
422
422
161
66
105
140
303
66
22
93
348
300
422
68
422
300
159
422
422
122
348
238
422
422
387
238
175
47
63
184
422
184
422
4564
3778
3139
3120
642
3082
1294
2909
379
100
3552
140
15
1189
3831
107
259
50
1643
844
4784
566
1358
375
718
5879
2418
933
1384
5564
63
5178
226
3835
612
3082
4915
2801
36
451
1177
857
1290
1412
1189
1131
944
1693
1178
1061
625
2283
2652
383
6173
4208
838
1217
4839
4384
2162
2590
1284
3998
6277
6804
6274
2134
172
4670
1254
2965
19
1137
1876
2838
4998
649
1501
5586
51
3350
1967
74
1195
7291
3855
6129
3778
176
1628
2580
598
1671
5089
2973
5588
4851
1147
994
3282
117
495
593
1193
2891
588
100
12
1173
1360
1741
1504
173
817
751
513
354
726
1374
438
64
250
368
177
1101
147
374
927
766
354
52
1430
281
55
741
753
2350
1999
3343
539
316
374
674
151
788
1989
396
1040
133
175
534
1294
495
2162
1837
51
412
496
1052
2602
183
1726
106
2036
1137
394
234
66
432
497
1126
1498
548
2860
1668
1087
1021
481
873
1059
797
430
132
96
202
2335
201
448
495
2129
400
360
460
2569
553
117
1652
3057
141
2331
31
853
3804
504
1599
1930
1064
34
204
5413
4209
411
4200
218
362
1103
1666
874
1755
2909
1568
50
5114
1227
383
2104
3763
2786
227
1976
156
307
295
61
825
525
813
2027
856
934
2771
1131
564
3546
804
4148
37
3044
4240
1396
578
368
495
79
756
1204
4854
4049
905
3437
659
1069
760
782
581
1118
80
608
1450
1529
671
1679
3294
637
2879
548
3351
810
1346
2473
1762
1550
1171
778
794
539
4521
3079
3518
1086
254
1672
1328
2094
4920
1294
5754
443
2306
1575
3649
3567
572
57
484
1002
1878
4463
572
3070
5051
4040
2830
2054
4320
237
129
1002
1370
1249
4399
2203
2817
353
1589
1054
368
5312
691
1043
1048
1762
2031
3179
713
248
258
94
610
1792
5423
2224
4039
3278
3470
2214
863
616
5987
4028
4810
5557
78
1461
355
367
410
2519
498
39
433
93
187
1401
323
186
804
131
2372
3104
1924
2279
2615
3327
473
3339
2926
1541
1145
141
3108
3860
5751
153
218
205
218
218
218
218
218
218
218
218
218
218
117
189
218
218
21
218
218
68
218
218
218
148
189
189
218
218
218
218
218
218
218
218
218
218
218
218
218
218
218
37
218
218
99
218
146
218
218
218
148
164
218
68
218
218
218
218
41
53
218
218
84
133
218
218
218
218
218
218
205
218
218
189
218
218
68
117
37
218
218
148
68
218
218
218
218
218
133
133
218
53
218
205
218
218
218
148
218
266
1996
379
558
2733
1341
1852
2255
2969
2116
234
3508
733
487
2444
2988
304
2629
161
721
21
2276
31
1198
50
10
1133
132
2116
341
504
333
489
1108
2152
2023
195
179
308
1407
579
4421
1900
183
1148
1432
3624
5093
2839
3559
738
2393
177
3944
2463
81
974
356
2040
2171
2856
1639
604
722
947
728
273
268
147
49
1341
47
949
2936
2770
37
1072
1565
114
197
148
2192
1836
3963
66
760
164
198
347
2156
182
1538
1291
807
3782
273
1216
1367
927
465
1174
912
1127
2071
2841
426
613
975
3565
2266
187
243
1265
1445
833
1005
70
653
1534
740
463
702
2922
796
1656
1191
652
700
220
293
86
668
214
3067
2589
27
1276
393
1406
345
788
1771
21
1385
1123
3244
1491
2861
1316
2312
1073
3461
1006
194
42
1964
633
1522
173
1672
668
392
64
845
1589
896
479
1330
1084
194
161
1677
50
1092
112
141
84
199
3585
2636
2855
1688
831
211
303
317
2289
482
68
248
475
332
33
491
22
30
644
735
503
60
468
403
376
536
112
65
563
132
121
425
801
538
36
556
346
103
207
82
477
15
178
338
96
599
381
14
99
155
190
364
354
631
196
85
615
734
953
252
530
348
550
448
393
203
167
100
15
153
96
17
386
86
276
450
247
548
277
520
162
418
192
56
213
475
407
200
199
112
465
172
74
427
426
594
635
156
518
59
335
200
435
533
63
132
30
477
26
19
21
157
165
143
132
56
150
40
364
213
357
16
619
44
108
60
97
118
380
230
334
549
426
74
55
435
593
219
158
269
20
44
32
377
70
99
244
204
18
460
79
119
13
654
70
104
572
127
545
277
104
234
122
188
122
98
396
614
25
349
81
93
267
46
150
209
282
71
61
257
240
105
462
118
169
530
584
108
241
320
455
466
327
66
509
46
30
83
349
230
131
208
233
1426
2342
4891
940
118
2193
183
4969
143
772
670
61
2398
408
1633
3283
3306
188
66
713
1138
214
237
624
2094
1204
2849
534
2108
2048
2787
5066
275
6515
2076
5991
5528
4363
3247
2478
798
1258
4439
4250
3515
3055
855
2420
3492
997
1569
3601
22
457
118
3269
30
4121
779
625
295
1082
621
2165
877
5509
1681
3385
579
408
5202
5467
6019
679
718
2964
589
1684
1597
3357
3513
886
2092
321
339
87
695
2175
3232
41
1325
851
1464
271
1540
79
2675
3593
1502
1272
805
503
633
906
241
3645
1983
396
550
1036
855
1042
1147
1846
513
175
583
286
817
267
1405
2447
283
877
2597
163
18
469
946
1209
665
731
1372
331
672
2633
649
154
1271
261
1054
939
1721
174
3041
198
727
807
235
231
541
3251
2587
386
289
1578
424
741
430
1767
1782
326
437
3628
2823
69
1195
2369
1278
266
1620
688
1608
556
1977
2724
1438
368
676
1806
1111
950
174
397
595
1234
59
1510
2320
3413
2616
3004
1007
4790
4039
2691
1941
472
4657
1019
596
1650
1024
1720
589
454
3342
3124
729
606
189
4538
64
1790
1713
1179
124
371
15
2311
848
917
938
821
1436
32
769
38
1006
2011
1536
661
108
2043
175
1711
1917
717
1068
294
1323
1203
443
59
1552
224
463
712
95
203
436
1940
1186
246
980
203
348
1159
545
2212
175
468
107
1796
1215
1376
1109
322
1326
120
1591
2082
211
1590
1522
1206
524
614
1523
47
268
2532
777
545
1161
196
36
910
1189
498
63
1268
571
41
7
208
1890
144
467
693
358
427
835
373
294
507
359
474
521
507
507
324
462
458
520
77
444
1247
104
82
1370
533
43
866
120
337
1249
1750
190
357
587
313
255
2124
620
1343
292
438
531
8
272
1687
675
817
37
208
1183
283
2291
2242
2285
1454
864
568
1520
123
2074
916
1419
949
538
665
166
365
17
1542
860
302
1491
542
689
89
1194
104
1081
53
194
760
300
284
714
85
1530
1084
76
559
1755
1721
105
92
299
673
1134
154
274
157
154
662
1852
316
276
1913
196
155
466
930
1105
321
470
741
898
1262
1175
274
429
1018
1920
485
1048
712
993
87
3155
290
47
1159
84
1164
2209
1753
180
1232
252
990
87
385
977
674
291
1408
1135
140
131
1405
120
181
693
1209
2171
633
1798
705
119
1925
1973
942
1587
217
2003
246
1518
693
224
512
1550
357
258
1101
510
1666
1254
35
1183
1232
815
1015
362
819
137
1155
1668
227
387
634
580
1298
998
1925
16
2225
135
114
2728
2016
29
342
303
1145
1267
128
474
99
1712
609
1873
1551
1658
1064
1781
406
147
50
919
919
149
919
74
720
39
919
76
856
149
356
525
890
390
919
687
919
919
573
919
787
496
822
183
356
919
560
390
720
11
890
27
919
424
252
919
149
525
919
919
919
320
890
320
39
919
286
919
149
76
720
638
919
919
39
455
39
919
919
919
919
61
424
424
919
687
919
356
919
919
856
919
593
628
919
856
525
919
433
919
720
285
919
390
919
720
919
149
919
919
1806
996
3015
1514
2776
2146
194
767
796
1155
1176
68
1168
3123
37
252
436
3353
1413
2102
747
3989
1294
4529
2020
237
1751
255
2624
2124
1962
602
512
1472
2434
169
1169
2347
1382
800
59
1801
657
4706
1077
1337
2605
1112
165
3724
2547
914
1594
1196
580
397
3622
1354
305
934
1771
314
4119
609
1230
605
815
4904
192
4013
1584
1490
286
1114
898
307
1864
763
534
2747
104
1006
2251
168
2889
1070
72
321
3052
190
1940
1195
3626
2644
2935
1379
3240
260
1250
7359
2306
247
349
793
2375
411
787
630
678
8206
1628
6133
3932
429
5402
2542
1925
3291
535
23
208
1228
370
1859
6954
6383
1110
1567
3176
419
4339
7156
2100
650
647
1280
4741
8883
5084
2396
5395
2595
3543
1893
1631
2831
1636
351
6750
267
4636
657
185
4704
602
2848
6221
3672
1150
3186
1412
3972
5182
7483
6263
4052
1526
4991
984
865
5657
742
7226
358
6081
1141
1105
2874
1434
234
1025
229
4353
1774
3576
2331
5590
1818
3811
1775
4771
168
25
32
62
477
74
319
638
157
265
242
314
193
136
115
179
813
57
250
34
536
864
621
331
748
764
368
260
832
665
10
803
155
319
522
206
448
430
341
912
477
495
184
23
39
58
85
209
138
794
282
459
469
206
31
91
795
493
102
37
47
45
61
60
317
553
289
314
867
150
313
208
107
146
159
257
89
918
224
43
336
149
33
301
353
27
142
452
15
44
401
396
179
84
483
123
185
155
65
278
1460
772
1460
1460
1460
1035
1460
1117
677
634
1460
1202
500
206
1460
49
1382
1460
1076
1460
366
1460
903
1460
1460
1460
903
1460
1460
1460
1337
72
1460
307
1320
1460
1201
1076
1460
591
1460
1382
1460
1460
1460
432
1460
1460
1460
946
1460
1460
1460
1460
321
1460
1460
1337
1231
1460
1460
1460
152
1460
1460
1460
232
992
1460
1460
143
366
1119
677
1460
1119
410
1162
1460
591
94
1460
1460
1382
1460
1460
946
1460
1460
677
1460
1460
97
187
903
1460
1460
253
5956
277
1047
383
1018
4555
910
5834
1193
3959
783
2673
501
1506
1398
1566
3279
2483
915
477
1945
1988
192
2040
259
2982
3412
57
174
3800
5973
470
1675
2224
1555
504
562
1979
2173
1421
1291
414
2322
199
3008
2517
427
2708
351
189
3948
262
2468
663
4812
1521
1008
5359
2533
5645
4122
885
5110
413
2003
480
808
3828
446
734
686
915
972
1302
3267
2655
711
4930
1374
70
4125
3938
2568
277
1299
365
1625
671
1437
383
841
3542
6145
2192
2365
4872
767
156
897
1710
557
704
2056
358
171
16
879
430
533
633
449
264
2218
836
1329
181
243
1555
951
1107
1378
596
581
49
868
274
571
1343
97
74
2245
304
180
586
383
385
425
764
782
302
496
341
2499
2209
1004
1708
409
934
787
2218
179
1060
425
197
683
160
758
106
415
896
84
1274
95
854
120
881
844
53
310
787
1341
82
64
536
496
494
2054
1655
556
239
1247
241
1255
270
537
1933
228
1033
152
1358
148
132
148
148
77
62
148
77
77
148
148
77
132
77
47
77
77
88
77
142
148
138
123
77
114
77
148
148
148
77
127
35
71
47
117
77
148
77
123
77
77
114
127
148
148
77
77
148
148
62
51
77
148
31
148
77
77
148
77
127
77
148
71
94
148
77
77
71
77
10
77
77
123
148
108
148
77
77
77
132
77
77
47
77
148
62
148
148
77
62
47
148
148
47
470
470
470
470
470
470
74
470
332
69
470
171
470
46
241
101
420
129
470
470
432
470
212
115
470
156
470
470
470
470
338
470
470
470
432
380
470
198
123
470
458
31
470
241
470
338
74
470
470
470
470
46
60
445
470
470
470
420
380
470
470
470
470
470
93
470
16
470
470
470
470
380
283
269
156
470
470
470
470
470
470
115
470
101
470
470
470
458
470
470
1590
690
47
372
703
372
297
1043
1265
1100
978
192
141
228
39
102
1474
76
98
287
1027
301
83
689
917
952
1325
750
935
452
457
446
29
1888
1571
412
419
1078
98
219
253
71
464
214
972
1063
616
160
153
722
225
1905
1343
302
91
1218
593
1806
207
265
208
391
111
1416
185
284
444
690
94
769
786
128
661
1684
589
781
442
730
92
263
488
2126
1528
17
166
568
137
620
236
1634
452
123
262
5
23
185
43
262
74
308
71
252
232
44
64
202
107
139
338
344
158
261
315
295
129
322
300
296
341
45
164
64
192
63
176
328
112
251
69
252
155
153
338
61
135
193
295
155
39
145
221
160
211
43
298
265
224
152
79
179
6
40
208
225
90
159
45
121
247
319
23
266
113
12
69
50
305
106
92
116
274
214
92
124
14
201
87
251
106
92
115
274
297
290
160
245
313
585
358
252
44
65
131
413
127
421
410
130
101
252
241
323
46
529
19
163
20
258
211
78
164
201
61
7
85
91
583
270
514
218
550
142
15
181
165
63
632
429
574
441
423
89
212
259
471
625
346
59
257
4
53
181
229
193
15
135
75
143
375
167
31
363
62
176
167
416
356
247
220
33
78
623
652
72
197
32
225
65
226
242
125
36
276
113
57
388
106
95
148
157
93
145
7250
5502
1672
2232
2717
3515
269
1470
2559
379
6197
1428
587
434
2138
7666
2534
2796
1535
3801
2660
2424
2724
135
3863
5952
1907
1303
1137
3764
1227
1238
4055
1316
6129
3562
3325
1696
4719
2688
3430
393
480
548
1296
1106
4871
5414
1263
146
4337
4328
314
2163
7583
709
689
1723
2491
2723
1440
4310
4018
4761
4388
626
1348
308
2323
728
73
5994
3926
1100
2572
1317
152
183
1034
879
2780
1183
2610
99
178
388
3036
1083
541
1937
2439
94
111
1663
859
3060
167
9
3558
1271
387
179
305
430
2983
783
3003
722
140
196
1468
2233
2615
616
175
613
298
563
2227
591
3361
1491
386
1149
540
796
672
427
306
1217
678
251
85
886
591
1996
502
794
2683
78
2003
2217
882
1697
1158
982
2678
1792
1751
3204
340
1190
1641
490
1734
3032
800
1631
1619
1888
2022
1915
2114
1284
207
470
12
1010
1447
83
1665
508
272
36
372
570
234
140
214
1063
564
1143
860
1824
315
78
289
360
879
626
1069
2553
1317
572
20
682
321
1069
1009
1301
274
211
2147
740
62
447
437
412
525
824
160
75
234
1842
806
314
336
807
326
986
1781
603
175
221
1784
48
949
683
2178
143
570
1601
134
987
869
519
1474
2174
1057
197
1361
1111
336
1615
923
1852
332
1493
496
1139
1049
31
1642
273
214
541
418
661
12
1280
140
51
503
