33
80
330
95531
1279
75210
39113
36834
4075
36065
86562
73359
67275
61896
3294
21648
1802
3036
36182
21325
59571
50564
115274
116556
17853
37824
3880
1603
155421
55397
3392
91014
26356
27603
106088
46429
50398
27924
55955
16775
9292
134267
18789
30594
17490
64320
35392
18828
5323
64047
44282
19405
8430506815
14991703956
3788956209
18085810060
14328071002
3518088450
1851143356
27118436563
2535303708
13596357042
433971623
4367927365
101926743
1613508629
5981148019
13971139892
787174471
11200904685
5201417736
20158873569
20595204639
42199767
1335577659
2089073190
9763455671
495443748
17418252726
1370682693
5502189333
2035434548
18203372127
1472407506
7772837292
18517040376
2904319144
6764432995
12326929026
8152351517
15872499059
13299965448
17001087760
13654401187
385853862
39757113204
32592196443
29743817538
1
40500000001
