0.296
0.250
0.286
0.333
0.098
0.167
0.250
0.276
0.250
0.267
0.054
0.000
0.125
0.130
0.100
0.333
0.228
0.190
0.040
0.143
0.250
0.491
0.291
0.222
0.125
0.210
0.392
0.333
0.200
0.381
0.111
0.365
0.429
0.500
0.186
0.000
0.250
0.083
0.480
0.333
0.375
0.300
0.250
0.529
0.335
0.444
0.000
0.250
0.175
0.070
0.429
0.421
0.472
0.105
0.500
0.150
0.286
0.471
0.267
0.569
0.429
0.381
0.375
0.612
0.111
0.447
0.583
0.933
0.583
0.350
0.701
0.873
0.691
0.600
0.297
0.143
0.472
0.444
0.474
0.444
1.089
0.000
1.145
0.125
0.333
0.660
0.696
0.270
0.328
0.531
0.544
0.485
0.000
1.799
0.696
1.576
0.483
4.411
3.225
2.096
