0.00
70.00
67.00
65.00
72.90
72.77
37.05
60.24
46.00
52.77
64.40
62.76
52.95
63.45
51.55
64.50
23.33
50.03
47.60
75.30
43.33
42.86
25.53
30.73
54.15
60.17
51.87
68.17
29.90
62.18
37.22
38.40
54.90
49.73
50.16
54.12
59.84
59.25
46.52
67.86
37.52
75.76
49.91
61.40
53.25
47.09
53.50
31.33
30.06
40.75
38.00
51.96
54.33
43.26
26.08
58.33
30.62
45.79
49.31
56.81
27.59
47.62
70.11
28.09
70.58
53.55
62.78
50.43
38.36
44.46
58.42
77.52
30.33
50.24
55.51
34.50
59.35
68.10
59.11
32.67
52.58
68.11
57.58
47.50
44.73
54.96
51.71
52.70
46.67
49.23
66.98
47.62
36.08
25.24
41.66
53.60
66.03
83.80
28.00
67.63
