6
9
2
100500
26543
35944
23774
19433
19010
16987
35563
35988
55899
29780
1844
31690
15352
37018
3
28269
32661
14571
60420
21845
18639
23657
20373
30296
14947
19453
3
34109
2
23201
10282
7369
27071
30431
52158
38835
17540
54516
35862
51633
35697
31328
46920
39019
40534
27948
29471
29826
55610
11988
200832
200954
200959
200876
200891
200878
200921
200907
200929
200897
200899
200884
200942
200927
200984
200907
200836
200852
200888
200885
44036
44040
32263
54323
47005
39239
22358
50021
21592
42918
43909
7413
21002
29290
42361
16152
29027
25457
41581
37908
6963
39269
31755
30113
28102
28686
41359
23374
38158
31242
14292
49821
25075
23586
23321
77868
97565
62511
138781
67520
114236
113778
160979
53859
16699
46749
18817
68946
25928
81207
96680
64084
81718
76235
74748
60056
136497
117332
139980
110431
153968
108218
71635
63746
88494
121684
93975
114538
81510
55400
132992
100502
3
100501
2
100500
1
201000
201000
201000
201000
201000
200500
201000
201000
100500
10518
15469
46517
6
2
201000
60
200499
100500
201000
21000
100000
11400
123
20900
13333
129
201000
201000
199999
100500
400
201000
100000
201000
1
10499
200987
200001
10115
201000
200500
201000
200500
201000
101504
200999
201000
201000
180900
200000
2
23309
1
150750
200744
201000
201000
2
1
1
100000
200098
200999
1
201000
175875
100500
200100
200623
200899
199999
1
3
201000
1
2
2
