3 1
0 0
3 1
6 2
7 2
13 4
0 0
0 0
3 1
5 2
7 3
0 0
6 4
3 1
0 0
4 2
0 0
0 0
7 2
0 0
0 0
0 0
7 4
6 3
0 0
11 5
5 2
0 0
0 0
7 4
0 0
9 4
12 6
5 2
3 1
5 2
0 0
0 0
0 0
0 0
3 1
0 0
8 4
8 3
0 0
3 1
0 0
0 0
0 0
5 3
6 3
0 0
5 2
3 1
0 0
0 0
4 1
6 3
0 0
0 0
0 0
0 0
5 2
0 0
3 1
4 2
10 4
4 1
0 0
7 4
0 0
0 0
5 2
0 0
0 0
5 2
0 0
0 0
5 2
0 0
4 2
10 4
5 2
0 0
3 1
3 1
0 0
3 1
5 3
6 3
0 0
5 3
6 3
3 1
5 3
5 2
0 0
5 3
4 2
0 0
