1
0.93837535
1
0.91635999
0.54814815
0.070175439
0.30917874
0.68877783
0
0.12698413
1
1
1
0.34897292
0.78991597
0.21343537
1
0.29090909
0.14782054
0.22656439
1
1
0.94871795
0.5842043
0.38270232
0.80082418
0.98607427
0.57815789
0
0.075067476
0.859375
0.30555556
0.20173913
0.057857143
0.19214479
0
0
0
0.26644737
0.007005719
1
0.97959184
0.33819242
0.38265306
0.80629205
1
0.32921013
0.9375
0.47885165
0.60110803
0
0.3141783
0
0.60110803
0.82082707
0.32473897
0.14671933
0.47619048
0.63521767
0.41791619
0.56338363
0.071050078
0
0
0.25267613
0.32748538
0.13908497
0
0.27782872
0
