23
24
25
25
25
26
25
25
25
24
24
25
26
26
26
27
26
26
26
25
25
26
26
27
27
28
27
27
26
26
25
26
27
28
28
29
28
28
27
26
25
26
27
28
29
30
29
28
27
26
26
27
28
29
30
30
30
29
28
27
25
26
27
28
29
30
29
28
27
26
25
26
27
28
28
29
28
28
27
26
25
26
26
27
27
28
27
27
26
26
24
25
26
26
26
27
26
26
26
25
4
2
2
2
2
1
1
1
1
2
2
2
2
0
0
0
0
0
0
1
2
1
1
2
4
0
0
0
0
0
0
0
0
2
0
0
0
1
0
0
2
0
1
2
0
0
0
0
1
1
0
0
0
0
0
1
2
1
0
0
1
1
0
1
0
0
0
1
0
0
0
2
2
1
0
0
0
0
1
0
0
1
2
0
0
1
1
0
0
0
2
0
2
1
2
0
2
1
0
1
9
13
13
5
3
8
0
10
1
19
4
5
9
19
17
7
2
0
0
1
17
19
9
10
9
17
5
9
7
10
11
4
6
21
15
6
9
13
15
16
4
2
0
4
1
11
3
6
16
0
13
7
15
11
19
7
0
9
2
0
2
7
3
5
16
16
9
15
9
0
9
17
8
7
17
6
19
0
14
11
10
12
19
5
17
9
0
3
15
11
4
14
7
5
5
19
13
9
13
0
1
3
3
6
1
1
4
2
5
4
3
1
5
2
3
0
6
2
0
2
0
3
0
2
5
1
6
6
3
2
2
0
4
2
2
2
1
1
3
8
8
3
8
2
6
6
6
5
3
2
9
1
7
4
2
11
1
3
10
3
7
2
3
1
7
0
1
5
6
8
0
0
1
11
4
5
9
1
12
4
5
2
0
0
2
5
0
1
0
7
1
6
2
6
5
2
1
2
11
4
30
30
29
28
27
26
25
24
23
22
21
20
19
18
17
16
15
14
13
12
11
10
9
8
7
6
5
4
3
2
1
0
30
29
28
27
26
25
24
23
22
21
20
19
18
17
16
15
14
13
12
11
10
9
8
7
6
5
4
3
2
1
0
0
0
0
0
0
0
0
0
1
0
1
0
0
0
0
0
0
1
0
0
0
0
0
0
0
0
0
0
0
0
0
0
0
0
0
0
0
0
0
0
0
0
0
0
0
0
0
0
0
0
0
0
0
0
3
4
2
4
2
3
2
2
2
2
4
1
0
0
3
1
2
2
0
3
2
4
2
4
2
2
2
2
0
0
3
2
0
3
2
2
1
3
3
3
3
2
3
1
3
2
2
1
2
2
5
6
0
6
6
6
1
7
8
2
1
1
6
3
1
6
7
8
7
6
0
1
4
5
4
3
10
1
4
5
3
2
10
3
3
0
7
10
4
7
9
2
8
2
7
5
1
3
2
0
5
0
2
0
0
2
2
2
3
3
4
1
1
4
4
3
2
0
5
3
3
2
2
7
1
3
4
1
0
6
0
0
6
5
5
3
6
4
2
7
3
7
3
3
2
3
6
1
5
