892
614
2
2
15
327
1
371
1
2
108
7
1
1
24
7
134
36
483
3
2
92
2
67
624
2
77
479
1
3
43
689
544
322
967
168
2
1
1
5
206
303
134
17
338
61
2
11
356
24
131
713
168
7
100
40
2
119
466
311
2
9
2
152
1
565
359
38
7
160
5
102
2
1
92
2
5
2
2
366
264
3
3
483
698
495
1
200
69
408
319
36
17
83
63
3
2
869
119
3
2
152
2
103
2
21
3
517
7
2
3
2
766
1
344
1
7
5
2
803
1
17
220
152
83
5
429
395
404
2
593
136
2
298
9
1
1
703
3
153
1
173
1
49
103
5
48
5
362
778
37
5
577
179
843
442
1
285
84
7
55
468
2
119
3
3
696
1
3
2
681
595
835
524
2
36
11
818
81
112
428
12
1
932
2
2
853
1
3
1
136
565
3
23
2
3
3
890
801
544
3
705
3
4
557
77
217
203
2
297
2
1
3
3
389
2
2
1
2
329
797
76
5
3
839
81
1
465
3
678
55
3
22
3
2
791
2
2
2
866
3
111
1
666
241
2
3
3
91
38
11
324
3
7
345
17
3
4
2
170
119
59
5
169
243
91
7
203
688
1
2
38
2
7
2
58
76
1
22
5
814
255
590
698
940
3
112
1
2
580
239
2
33
303
3
3
7
258
3
2
105
1
238
1
402
169
144
1
249
1
1
67
584
3
384
2
298
2
2
16
2
2
5
5
110
22
288
196
2
24
3
3
61
7
2
17
134
436
2
3
559
170
322
869
131
1
173
7
1
1
5
491
276
2
1
264
375
760
382
722
173
20
3
17
100
3
7
977
1
243
1
2
114
17
117
822
254
66
5
139
91
2
89
352
203
3
2
2
111
638
117
1
17
300
2
843
2
1
23
152
59
797
2
20
104
3
783
7
257
148
1
15
355
701
55
22
727
1
7
98
822
111
1
20
168
3
97
81
134
151
1
1
2
1
2
77
153
100
119
92
3
11
1
871
718
2
768
1
180
1
2
977
2
281
2
15
322
67
285
155
2
17
1
264
17
3
5
2
3
362
11
206
153
2
16
1
583
3
794
58
2
729
17
33
371
2
465
3
117
24
1
5
609
595
2
352
2
997
119
204
