0
4
8
16
3252
296
1824
1932
412
616
852
776
1148
2466
2992
912
316
432
472
3548
4
13272
472
1576
13628
232084
11328
111832
4984
314424
6404
18132
237324
280204
622516
919476
1367888
47044
117624
861084
1003292
16144
51084
29534432
29518776
120501464
18195888
48813408
43497140
59608088
10440968
1724268
18472
788156
1975780
60880260
52347432
5963396
41490540
5048084
56255944
102065028
2507027968
3696269492
10212199780
96457012
1472280116
44612752
2139127844
1194171312
253970800
3350394832
682892048
10600927824
5041621996
3040948212
452604916
1825183732
2272658760
39847924
816766944
1470637266080
656490049972
243990853648
672798974276
496193024396
578747985264
479708534280
27344466116
108123812956
128912466208
206105133284
1955312725052
676372892084
507501448580
109419509688
586178879992
1598001334236
1660449960092
4000000
