0
1
14
71
-1
22490
11906
-1
18566
18558
20492
18504
18439
20411
18297
20573
20411
-1
18450
18710
18225
20519
20385
18378
18424
18513
18306
-1
20348
20330
20573
20483
18450
18603
18351
18343
20564
-1
18396
18432
18405
18351
18198
18297
20375
18468
18405
-1
20474
20510
20510
18306
20672
20357
18513
20429
20258
18657
18899
18926
18746
18710
18639
18899
18890
18647
18755
-1
4706
6651
4977
4373
15876
4474
3941
8658
9486
-1
7443
18836
18827
12267
881
12079
917
1943
7901
-1
11412
6641
10142
989
1125
3941
1485
5103
3617
17
18566
-1
11474
